<?xml version="1.0" encoding="UTF-8" ?>
<testsuite tests="1" failures="0" name="com.exercise.object.StudentTest" time="0.007" errors="0" skipped="0">
  <properties>
    <property name="java.runtime.name" value="Java(TM) SE Runtime Environment"/>
    <property name="sun.boot.library.path" value="C:\Java\jdk1.8.0_144\jre\bin"/>
    <property name="java.vm.version" value="25.144-b01"/>
    <property name="java.vm.vendor" value="Oracle Corporation"/>
    <property name="maven.multiModuleProjectDirectory" value="D:\study\code\java_proj\java_pro_maven"/>
    <property name="java.vendor.url" value="http://java.oracle.com/"/>
    <property name="path.separator" value=";"/>
    <property name="guice.disable.misplaced.annotation.check" value="true"/>
    <property name="java.vm.name" value="Java HotSpot(TM) 64-Bit Server VM"/>
    <property name="file.encoding.pkg" value="sun.io"/>
    <property name="user.script" value=""/>
    <property name="user.country" value="CN"/>
    <property name="sun.java.launcher" value="SUN_STANDARD"/>
    <property name="sun.os.patch.level" value="Service Pack 1"/>
    <property name="java.vm.specification.name" value="Java Virtual Machine Specification"/>
    <property name="user.dir" value="D:\study\code\java_proj\java_pro_maven"/>
    <property name="java.runtime.version" value="1.8.0_144-b01"/>
    <property name="java.awt.graphicsenv" value="sun.awt.Win32GraphicsEnvironment"/>
    <property name="java.endorsed.dirs" value="C:\Java\jdk1.8.0_144\jre\lib\endorsed"/>
    <property name="os.arch" value="amd64"/>
    <property name="java.io.tmpdir" value="C:\Users\lihe\AppData\Local\Temp\"/>
    <property name="line.separator" value="
"/>
    <property name="java.vm.specification.vendor" value="Oracle Corporation"/>
    <property name="user.variant" value=""/>
    <property name="os.name" value="Windows 7"/>
    <property name="classworlds.conf" value="D:\Program Files\apache-maven-3.6.1\bin\m2.conf"/>
    <property name="sun.jnu.encoding" value="GBK"/>
    <property name="java.library.path" value="C:\Java\jdk1.8.0_144\bin;C:\windows\Sun\Java\bin;C:\windows\system32;C:\windows;D:\Programs\Python\Python35;D:\Programs\Python\Python35\Scripts;D:\Programs\Python27\;D:\Programs\Python27\Scripts;D:\Python27;c:\gtk\bin;D:\Program Files (x86)\Android\android-sdk\platform-tools;D:\Program Files (x86)\Android\android-sdk\tools;C:\Java\jdk1.8.0_144\bin;C:\Java\jdk1.8.0_144\jre\bin;C:\ProgramData\Oracle\Java\javapath;C:\windows\system32;C:\windows;C:\windows\System32\Wbem;C:\windows\System32\WindowsPowerShell\v1.0\;D:\Program Files\TortoiseSVN\bin;C:\Users\lihe\.dnx\bin;C:\Program Files\Microsoft DNX\Dnvm\;D:\Program Files\apache-maven-3.6.1\bin;D:\android-sdk-windows\tools;D:\android-sdk-windows\platform-tools;D:\Program Files\node-v6.8.0-win-x64;D:\Program Files (x86)\Appium\node_modules\.bin;D:\Program Files\apache-maven-3.6.1\bin;D:\Program Files (x86)\SSH Communications Security\SSH Secure Shell;C:\Users\lihe\AppData\Roaming\npm;D:\chromedriver.exe;D:\mysql-5.7.9-win32\bin;D:\Program Files\cmake-3.6.0-rc3-win64-x64\bin;D:\Programs\Python\Python35;D:\Program Files\machine\Nox\bin;D:\Program Files\apache-ant-1.10.7\bin;D:\mysql-5.7.9-win32\bin;D:\Program Files\Git\cmd;D:\Program Files (x86)\gradle-5.4.1\bin;D:\Program Files\curl-7.65.3-win64-mingw\bin;C:\strawberry\c\bin;C:\strawberry\perl\bin;D:\Program Files\apache-tomcat-7.0.79\bin;C:\windows\system32;C:\windows;D:\apache-jmeter-5.1.1\bin;D:\Programs\Python\Python35\Scripts\;D:\Programs\Python\Python35\;C:\Users\lihe\.dnx\bin;D:\Program Files (x86)\SSH Communications Security\SSH Secure Shell;C:\Users\lihe\AppData\Roaming\npm;d:\Program Files\JetBrains\PyCharm Community Edition 2019.2\bin;;D:\Program Files (x86)\Fiddler;D:\Program Files\JetBrains\PyCharm\bin;;d:\Program Files\JetBrains\IntelliJ IDEA\bin;;d:\Program Files\Docker Toolbox;."/>
    <property name="maven.conf" value="D:\Program Files\apache-maven-3.6.1/conf"/>
    <property name="java.specification.name" value="Java Platform API Specification"/>
    <property name="java.class.version" value="52.0"/>
    <property name="sun.management.compiler" value="HotSpot 64-Bit Tiered Compilers"/>
    <property name="maven.repo.local" value="D:\Program Files\apache-maven-3.6.1\maven_repository"/>
    <property name="os.version" value="6.1"/>
    <property name="user.home" value="C:\Users\lihe"/>
    <property name="user.timezone" value="Asia/Shanghai"/>
    <property name="java.awt.printerjob" value="sun.awt.windows.WPrinterJob"/>
    <property name="java.specification.version" value="1.8"/>
    <property name="file.encoding" value="UTF-8"/>
    <property name="user.name" value="lihe"/>
    <property name="java.class.path" value="D:\Program Files\apache-maven-3.6.1\boot\plexus-classworlds-2.6.0.jar;D:\Program Files\JetBrains\IntelliJ IDEA\lib\idea_rt.jar"/>
    <property name="java.vm.specification.version" value="1.8"/>
    <property name="sun.arch.data.model" value="64"/>
    <property name="java.home" value="C:\Java\jdk1.8.0_144\jre"/>
    <property name="sun.java.command" value="org.codehaus.classworlds.Launcher -Didea.version2019.1.3 -s D:\Program Files\apache-maven-3.6.1\conf\settings.xml -Dmaven.repo.local=D:\Program Files\apache-maven-3.6.1\maven_repository test"/>
    <property name="java.specification.vendor" value="Oracle Corporation"/>
    <property name="user.language" value="zh"/>
    <property name="awt.toolkit" value="sun.awt.windows.WToolkit"/>
    <property name="idea.version2019.1.3" value="true"/>
    <property name="java.vm.info" value="mixed mode"/>
    <property name="java.version" value="1.8.0_144"/>
    <property name="java.ext.dirs" value="C:\Java\jdk1.8.0_144\jre\lib\ext;C:\windows\Sun\Java\lib\ext"/>
    <property name="sun.boot.class.path" value="C:\Java\jdk1.8.0_144\jre\lib\resources.jar;C:\Java\jdk1.8.0_144\jre\lib\rt.jar;C:\Java\jdk1.8.0_144\jre\lib\sunrsasign.jar;C:\Java\jdk1.8.0_144\jre\lib\jsse.jar;C:\Java\jdk1.8.0_144\jre\lib\jce.jar;C:\Java\jdk1.8.0_144\jre\lib\charsets.jar;C:\Java\jdk1.8.0_144\jre\lib\jfr.jar;C:\Java\jdk1.8.0_144\jre\classes"/>
    <property name="java.vendor" value="Oracle Corporation"/>
    <property name="maven.home" value="D:\Program Files\apache-maven-3.6.1"/>
    <property name="file.separator" value="\"/>
    <property name="java.vendor.url.bug" value="http://bugreport.sun.com/bugreport/"/>
    <property name="sun.cpu.endian" value="little"/>
    <property name="sun.io.unicode.encoding" value="UnicodeLittle"/>
    <property name="sun.desktop" value="windows"/>
    <property name="sun.cpu.isalist" value="amd64"/>
  </properties>
  <testcase classname="com.exercise.object.StudentTest" name="test_createStu" time="0.007"/>
</testsuite>