<?xml version="1.0" encoding="UTF-8"?>
<!-- Generated by org.testng.reporters.JUnitReportReporter -->
<testsuite skipped="0" hostname="liheng-pc" name="selenium.NewTest" tests="1" failures="0" timestamp="07 八月 2019 09:29:50 GMT" time="8.040" errors="0">
  <testcase name="testBaiduSearch" time="8.040" classname="selenium.NewTest"/>
</testsuite> <!-- selenium.NewTest -->
