<?xml version="1.0" encoding="UTF-8"?>
<!-- Generated by org.testng.reporters.JUnitReportReporter -->
<testsuite skipped="0" hostname="liheng-pc" name="test.Demo01_Test" tests="1" failures="0" timestamp="05 八月 2019 09:09:24 GMT" time="8.585" errors="0">
  <testcase name="testnum" time="8.585" classname="test.Demo01_Test"/>
</testsuite> <!-- test.Demo01_Test -->
