<?xml version="1.0" encoding="UTF-8"?>
<!-- Generated by org.testng.reporters.JUnitReportReporter -->
<testsuite skipped="0" hostname="liheng-pc" name="com.testng.Demo1" tests="1" failures="0" timestamp="11 一月 2021 07:36:44 GMT" time="0.001" errors="0">
  <testcase name="test1" time="0.001" classname="com.testng.Demo1"/>
</testsuite> <!-- com.testng.Demo1 -->
