<?xml version="1.0" encoding="UTF-8"?>
<!-- Generated by org.testng.reporters.JUnitReportReporter -->
<testsuite skipped="0" hostname="liheng-pc" name="com.testng.Demo2" tests="1" failures="0" timestamp="11 一月 2021 07:40:39 GMT" time="0.003" errors="0">
  <testcase name="test2" time="0.003" classname="com.testng.Demo2"/>
</testsuite> <!-- com.testng.Demo2 -->
