<?xml version="1.0" encoding="UTF-8"?>
<!-- Generated by org.testng.reporters.JUnitReportReporter -->
<testsuite skipped="0" hostname="liheng-pc" name="com.testng.Demo1" tests="1" failures="0" timestamp="05 一月 2021 08:53:51 GMT" time="0.005" errors="0">
  <testcase name="test1" time="0.005" classname="com.testng.Demo1"/>
</testsuite> <!-- com.testng.Demo1 -->
